TN:
SF:src/index.ts
FN:12,(anonymous_1)
FN:24,(anonymous_2)
FN:35,(anonymous_3)
FN:46,(anonymous_4)
FN:56,(anonymous_5)
FNF:5
FNH:4
FNDA:9,(anonymous_1)
FNDA:8,(anonymous_2)
FNDA:4,(anonymous_3)
FNDA:1,(anonymous_4)
FNDA:0,(anonymous_5)
DA:1,1
DA:2,1
DA:4,1
DA:7,1
DA:9,1
DA:12,1
DA:13,9
DA:14,9
DA:15,5
DA:19,4
DA:20,4
DA:24,1
DA:25,8
DA:26,8
DA:27,2
DA:30,6
DA:31,6
DA:35,1
DA:36,4
DA:37,4
DA:38,2
DA:41,2
DA:42,2
DA:46,1
DA:47,1
DA:51,1
DA:54,1
DA:55,0
DA:56,0
DA:57,0
LF:30
LH:27
BRDA:13,0,0,9
BRDA:13,0,1,0
BRDA:14,1,0,5
BRDA:14,1,1,4
BRDA:14,2,0,9
BRDA:14,2,1,6
BRDA:25,3,0,8
BRDA:25,3,1,0
BRDA:26,4,0,2
BRDA:26,4,1,6
BRDA:36,5,0,4
BRDA:36,5,1,0
BRDA:37,6,0,2
BRDA:37,6,1,2
BRDA:54,7,0,0
BRDA:54,7,1,1
BRF:16
BRH:12
end_of_record
TN:
SF:src/cache/service.ts
FN:7,(anonymous_0)
FN:13,(anonymous_1)
FN:24,(anonymous_2)
FN:29,(anonymous_3)
FN:34,(anonymous_4)
FNF:5
FNH:5
FNDA:10,(anonymous_0)
FNDA:24,(anonymous_1)
FNDA:24,(anonymous_2)
FNDA:6,(anonymous_3)
FNDA:21,(anonymous_4)
DA:1,2
DA:4,2
DA:8,10
DA:14,24
DA:20,10
DA:25,24
DA:30,6
DA:35,21
LF:8
LH:8
BRF:0
BRH:0
end_of_record
